    11>D:\projects\misis2023f-23-check\misis2024s-23-01-gabdrakhmanov-z-i\prj.lab\stacklstt\stacklstt.hpp(42,26): error C2061: syntax error: identifier 'Node' [D:\projects\misis2023f-23-check\misis2024s-23-01-gabdrakhmanov-z-i\build.check\prj.app\app.vcxproj]
    11>D:\projects\misis2023f-23-check\misis2024s-23-01-gabdrakhmanov-z-i\prj.lab\stacklstt\stacklstt.hpp(42,77): error C2143: syntax error: missing ';' before '{' [D:\projects\misis2023f-23-check\misis2024s-23-01-gabdrakhmanov-z-i\build.check\prj.app\app.vcxproj]
    11>D:\projects\misis2023f-23-check\misis2024s-23-01-gabdrakhmanov-z-i\prj.lab\stacklstt\stacklstt.hpp(42,77): error C2447: '{': missing function header (old-style formal list?) [D:\projects\misis2023f-23-check\misis2024s-23-01-gabdrakhmanov-z-i\build.check\prj.app\app.vcxproj]
    11>D:\projects\misis2023f-23-check\misis2024s-23-01-gabdrakhmanov-z-i\prj.app\app.cpp(124,24): error C2131: expression did not evaluate to a constant [D:\projects\misis2023f-23-check\misis2024s-23-01-gabdrakhmanov-z-i\build.check\prj.app\app.vcxproj]
    11>D:\projects\misis2023f-23-check\misis2024s-23-01-gabdrakhmanov-z-i\prj.app\app.cpp(126,18): error C3863: array type 'int ['function']' is not assignable [D:\projects\misis2023f-23-check\misis2024s-23-01-gabdrakhmanov-z-i\build.check\prj.app\app.vcxproj]
    11>D:\projects\misis2023f-23-check\misis2024s-23-01-gabdrakhmanov-z-i\prj.app\app.cpp(132,36): error C2131: expression did not evaluate to a constant [D:\projects\misis2023f-23-check\misis2024s-23-01-gabdrakhmanov-z-i\build.check\prj.app\app.vcxproj]
    11>D:\projects\misis2023f-23-check\misis2024s-23-01-gabdrakhmanov-z-i\prj.app\app.cpp(134,20): error C3863: array type 'int ['function']' is not assignable [D:\projects\misis2023f-23-check\misis2024s-23-01-gabdrakhmanov-z-i\build.check\prj.app\app.vcxproj]
    50>D:\projects\misis2023f-23-check\misis2024s-23-01-gabdrakhmanov-z-i\prj.lab\stacklstt\stacklstt.hpp(42,26): error C2061: syntax error: identifier 'Node' [D:\projects\misis2023f-23-check\misis2024s-23-01-gabdrakhmanov-z-i\build.check\prj.test\test_template.vcxproj]
    50>D:\projects\misis2023f-23-check\misis2024s-23-01-gabdrakhmanov-z-i\prj.lab\stacklstt\stacklstt.hpp(42,77): error C2143: syntax error: missing ';' before '{' [D:\projects\misis2023f-23-check\misis2024s-23-01-gabdrakhmanov-z-i\build.check\prj.test\test_template.vcxproj]
    50>D:\projects\misis2023f-23-check\misis2024s-23-01-gabdrakhmanov-z-i\prj.lab\stacklstt\stacklstt.hpp(42,77): error C2447: '{': missing function header (old-style formal list?) [D:\projects\misis2023f-23-check\misis2024s-23-01-gabdrakhmanov-z-i\build.check\prj.test\test_template.vcxproj]
